{"contracts/Escrow.sol":{"l":{"20":1,"21":1,"22":1,"26":4,"27":1,"29":4,"30":1,"32":4,"33":1,"38":1,"43":1,"44":1,"45":1},"path":"/Users/markomarinovic/Projects/Personal/devcon4/workshop-secure-smart-contracts/contracts/Escrow.sol","s":{"1":7,"2":12,"3":10,"4":1,"5":1,"6":1,"7":4,"8":1,"9":4,"10":1,"11":4,"12":1,"13":1,"14":1},"b":{"1":[6,1],"2":[7,5],"3":[5,5],"4":[1,3],"5":[1,3],"6":[1,3]},"f":{"1":7,"2":12,"3":10,"4":1,"5":4,"6":1,"7":1},"fnMap":{"1":{"name":"inState","line":8,"loc":{"start":{"line":8,"column":4},"end":{"line":8,"column":39}}},"2":{"name":"buyerOnly","line":9,"loc":{"start":{"line":9,"column":4},"end":{"line":9,"column":22}}},"3":{"name":"correctPrice","line":10,"loc":{"start":{"line":10,"column":4},"end":{"line":10,"column":25}}},"4":{"name":null,"line":19,"loc":{"start":{"line":19,"column":4},"end":{"line":19,"column":66}}},"5":{"name":"initiateContract","line":25,"loc":{"start":{"line":25,"column":4},"end":{"line":25,"column":84}}},"6":{"name":"confirmPayment","line":37,"loc":{"start":{"line":37,"column":4},"end":{"line":37,"column":97}}},"7":{"name":"confirmDelivery","line":41,"loc":{"start":{"line":41,"column":4},"end":{"line":41,"column":78}}}},"statementMap":{"1":{"start":{"line":8,"column":44},"end":{"line":8,"column":81}},"2":{"start":{"line":9,"column":27},"end":{"line":9,"column":54}},"3":{"start":{"line":10,"column":30},"end":{"line":10,"column":56}},"4":{"start":{"line":20,"column":8},"end":{"line":20,"column":21}},"5":{"start":{"line":21,"column":8},"end":{"line":21,"column":23}},"6":{"start":{"line":22,"column":8},"end":{"line":22,"column":34}},"7":{"start":{"line":26,"column":8},"end":{"line":26,"column":768}},"8":{"start":{"line":27,"column":12},"end":{"line":27,"column":25}},"9":{"start":{"line":29,"column":8},"end":{"line":29,"column":841}},"10":{"start":{"line":30,"column":12},"end":{"line":30,"column":26}},"11":{"start":{"line":32,"column":8},"end":{"line":32,"column":916}},"12":{"start":{"line":33,"column":12},"end":{"line":33,"column":48}},"13":{"start":{"line":38,"column":8},"end":{"line":38,"column":45}},"14":{"start":{"line":45,"column":8},"end":{"line":45,"column":36}}},"branchMap":{"1":{"line":8,"type":"if","locations":[{"start":{"line":8,"column":44},"end":{"line":8,"column":44}},{"start":{"line":8,"column":44},"end":{"line":8,"column":44}}]},"2":{"line":9,"type":"if","locations":[{"start":{"line":9,"column":27},"end":{"line":9,"column":27}},{"start":{"line":9,"column":27},"end":{"line":9,"column":27}}]},"3":{"line":10,"type":"if","locations":[{"start":{"line":10,"column":30},"end":{"line":10,"column":30}},{"start":{"line":10,"column":30},"end":{"line":10,"column":30}}]},"4":{"line":26,"type":"if","locations":[{"start":{"line":26,"column":8},"end":{"line":26,"column":8}},{"start":{"line":26,"column":8},"end":{"line":26,"column":8}}]},"5":{"line":29,"type":"if","locations":[{"start":{"line":29,"column":8},"end":{"line":29,"column":8}},{"start":{"line":29,"column":8},"end":{"line":29,"column":8}}]},"6":{"line":32,"type":"if","locations":[{"start":{"line":32,"column":8},"end":{"line":32,"column":8}},{"start":{"line":32,"column":8},"end":{"line":32,"column":8}}]}}}}